-- Catapult Ultra Synthesis: Report                                              
-- ------------------------- ---------------------------------------------------
-- Version:                  10.4b/841621 Production Release                     
-- Build Date:               Thu Oct 24 17:20:07 PDT 2019                        
                                                                                 
-- Generated by:             billyk@cad.eecs.harvard.edu                         
-- Generated date:           Fri Apr 17 21:42:10 EDT 2020                        

Solution Settings: SysPE.v1
  Current state: schedule
  Project: Catapult
  
  Design Input Files Specified
    $PROJECT_HOME/../../../cmod/lab3/SysPE/SysPE.h
      $MGC_HOME/shared/include/systemc.h
        $MGC_HOME/shared/include/systemc
          $MGC_HOME/shared/include/sysc/kernel/sc_cmnhdr.h
          $MGC_HOME/shared/include/sysc/kernel/sc_externs.h
          $MGC_HOME/shared/include/sysc/kernel/sc_except.h
          $MGC_HOME/shared/include/sysc/kernel/sc_module.h
            $MGC_HOME/shared/include/sysc/kernel/sc_kernel_ids.h
              $MGC_HOME/shared/include/sysc/utils/sc_report.h
                $MGC_HOME/shared/include/sysc/utils/sc_report_handler.h
            $MGC_HOME/shared/include/sysc/kernel/sc_process.h
              $MGC_HOME/shared/include/sysc/utils/sc_iostream.h
              $MGC_HOME/shared/include/sysc/kernel/sc_constants.h
              $MGC_HOME/shared/include/sysc/kernel/sc_object.h
                $MGC_HOME/shared/include/sysc/kernel/sc_attribute.h
              $MGC_HOME/shared/include/sysc/kernel/sc_reset.h
                $MGC_HOME/shared/include/sysc/communication/sc_writer_policy.h
              $MGC_HOME/shared/include/sysc/communication/sc_export.h
                $MGC_HOME/shared/include/sysc/communication/sc_communication_ids.h
                $MGC_HOME/shared/include/sysc/communication/sc_interface.h
            $MGC_HOME/shared/include/sysc/kernel/sc_module_name.h
            $MGC_HOME/shared/include/sysc/kernel/sc_sensitive.h
            $MGC_HOME/shared/include/sysc/kernel/sc_time.h
              $MGC_HOME/shared/include/sysc/datatypes/int/sc_nbdefs.h
                $MGC_HOME/shared/include/sysc/utils/sc_string.h
              $MGC_HOME/shared/include/sysc/datatypes/fx/scfx_ieee.h
                $MGC_HOME/shared/include/sysc/datatypes/fx/sc_fxdefs.h
                  $MGC_HOME/shared/include/sysc/utils/sc_machine.h
                    $MGC_HOME/shared/include/sysc/packages/boost/detail/endian.hpp
                  $MGC_HOME/shared/include/sysc/datatypes/fx/sc_fx_ids.h
                  $MGC_HOME/shared/include/sysc/datatypes/int/sc_nbutils.h
                    $MGC_HOME/shared/include/sysc/datatypes/bit/sc_bit_ids.h
                    $MGC_HOME/shared/include/sysc/datatypes/int/sc_int_ids.h
            $MGC_HOME/shared/include/sysc/kernel/sc_wait.h
              $MGC_HOME/shared/include/sysc/kernel/sc_simcontext.h
                $MGC_HOME/shared/include/sysc/utils/sc_hash.h
                $MGC_HOME/shared/include/sysc/utils/sc_pq.h
            $MGC_HOME/shared/include/sysc/kernel/sc_wait_cthread.h
              $MGC_HOME/shared/include/sysc/datatypes/bit/sc_logic.h
                $MGC_HOME/shared/include/sysc/kernel/sc_macros.h
                $MGC_HOME/shared/include/sysc/utils/sc_mempool.h
                $MGC_HOME/shared/include/sysc/datatypes/bit/sc_bit.h
              $MGC_HOME/shared/include/sysc/communication/sc_signal_ifs.h
            $MGC_HOME/shared/include/sysc/kernel/sc_process_handle.h
              $MGC_HOME/shared/include/sysc/kernel/sc_module.h
            $MGC_HOME/shared/include/sysc/utils/sc_list.h
          $MGC_HOME/shared/include/sysc/kernel/sc_ver.h
          $MGC_HOME/shared/include/sysc/communication/sc_buffer.h
            $MGC_HOME/shared/include/sysc/communication/sc_signal.h
              $MGC_HOME/shared/include/sysc/communication/sc_port.h
                $MGC_HOME/shared/include/sysc/kernel/sc_event.h
              $MGC_HOME/shared/include/sysc/communication/sc_prim_channel.h
              $MGC_HOME/shared/include/sysc/tracing/sc_trace.h
          $MGC_HOME/shared/include/sysc/communication/sc_clock.h
          $MGC_HOME/shared/include/sysc/communication/sc_clock_ports.h
            $MGC_HOME/shared/include/sysc/communication/sc_signal_ports.h
              $MGC_HOME/shared/include/sysc/communication/sc_event_finder.h
          $MGC_HOME/shared/include/sysc/communication/sc_event_queue.h
          $MGC_HOME/shared/include/sysc/communication/sc_fifo.h
            $MGC_HOME/shared/include/sysc/communication/sc_fifo_ifs.h
          $MGC_HOME/shared/include/sysc/communication/sc_fifo_ports.h
          $MGC_HOME/shared/include/sysc/communication/sc_mutex.h
            $MGC_HOME/shared/include/sysc/communication/sc_mutex_if.h
          $MGC_HOME/shared/include/sysc/communication/sc_semaphore.h
            $MGC_HOME/shared/include/sysc/communication/sc_semaphore_if.h
          $MGC_HOME/shared/include/sysc/communication/sc_signal_resolved.h
          $MGC_HOME/shared/include/sysc/communication/sc_signal_resolved_ports.h
          $MGC_HOME/shared/include/sysc/communication/sc_signal_rv.h
            $MGC_HOME/shared/include/sysc/datatypes/bit/sc_lv.h
              $MGC_HOME/shared/include/sysc/datatypes/bit/sc_lv_base.h
                $MGC_HOME/shared/include/sysc/datatypes/bit/sc_bv_base.h
                  $MGC_HOME/shared/include/sysc/datatypes/bit/sc_bit_proxies.h
                    $MGC_HOME/shared/include/sysc/datatypes/bit/sc_proxy.h
                      $MGC_HOME/shared/include/sysc/datatypes/int/sc_signed.h
                        $MGC_HOME/shared/include/sysc/datatypes/misc/sc_value_base.h
                        $MGC_HOME/shared/include/sysc/utils/sc_temporary.h
                        $MGC_HOME/shared/include/sysc/datatypes/int/sc_length_param.h
                          $MGC_HOME/shared/include/sysc/datatypes/fx/sc_context.h
                        $MGC_HOME/shared/include/sysc/datatypes/int/sc_nbexterns.h
                        $MGC_HOME/shared/include/sysc/datatypes/int/sc_unsigned.h
                      $MGC_HOME/shared/include/sysc/datatypes/int/sc_int_base.h
                        $MGC_HOME/shared/include/sysc/datatypes/int/sc_uint_base.h
          $MGC_HOME/shared/include/sysc/communication/sc_signal_rv_ports.h
          $MGC_HOME/shared/include/sysc/datatypes/bit/sc_bv.h
          $MGC_HOME/shared/include/sysc/datatypes/int/sc_bigint.h
          $MGC_HOME/shared/include/sysc/datatypes/int/sc_biguint.h
          $MGC_HOME/shared/include/sysc/datatypes/int/sc_int.h
          $MGC_HOME/shared/include/sysc/datatypes/int/sc_uint.h
          $MGC_HOME/shared/include/sysc/datatypes/misc/sc_concatref.h
          $MGC_HOME/shared/include/sysc/tracing/sc_vcd_trace.h
          $MGC_HOME/shared/include/sysc/tracing/sc_wif_trace.h
          $MGC_HOME/shared/include/sysc/utils/sc_utils_ids.h
          $MGC_HOME/shared/include/sysc/utils/sc_pvector.h
          $MGC_HOME/shared/include/sysc/utils/sc_vector.h
            $MGC_HOME/shared/include/sysc/packages/boost/config.hpp
              $MGC_HOME/shared/include/sysc/packages/boost/config/user.hpp
              $MGC_HOME/shared/include/sysc/packages/boost/config/select_compiler_config.hpp
              $MGC_HOME/shared/include/sysc/packages/boost/config/compiler/gcc.hpp
              $MGC_HOME/shared/include/sysc/packages/boost/config/select_stdlib_config.hpp
              $MGC_HOME/shared/include/sysc/packages/boost/config/stdlib/libstdcpp3.hpp
              $MGC_HOME/shared/include/sysc/packages/boost/config/select_platform_config.hpp
              $MGC_HOME/shared/include/sysc/packages/boost/config/platform/linux.hpp
                $MGC_HOME/shared/include/sysc/packages/boost/config/posix_features.hpp
              $MGC_HOME/shared/include/sysc/packages/boost/config/suffix.hpp
            $MGC_HOME/shared/include/sysc/packages/boost/utility/enable_if.hpp
          $MGC_HOME/shared/include/sysc/kernel/sc_dynamic_processes.h
            $MGC_HOME/shared/include/sysc/kernel/sc_spawn.h
              $MGC_HOME/shared/include/sysc/kernel/sc_spawn_options.h
            $MGC_HOME/shared/include/sysc/kernel/sc_join.h
            $MGC_HOME/shared/include/sysc/kernel/sc_boost.h
              $MGC_HOME/shared/include/sysc/packages/boost/bind.hpp
                $MGC_HOME/shared/include/sysc/packages/boost/ref.hpp
                  $MGC_HOME/shared/include/sysc/packages/boost/utility/addressof.hpp
                    $MGC_HOME/shared/include/sysc/packages/boost/detail/workaround.hpp
                  $MGC_HOME/shared/include/sysc/packages/boost/mpl/bool.hpp
                    $MGC_HOME/shared/include/sysc/packages/boost/mpl/bool_fwd.hpp
                      $MGC_HOME/shared/include/sysc/packages/boost/mpl/aux_/adl_barrier.hpp
                        $MGC_HOME/shared/include/sysc/packages/boost/mpl/aux_/config/adl.hpp
                          $MGC_HOME/shared/include/sysc/packages/boost/mpl/aux_/config/msvc.hpp
                          $MGC_HOME/shared/include/sysc/packages/boost/mpl/aux_/config/intel.hpp
                          $MGC_HOME/shared/include/sysc/packages/boost/mpl/aux_/config/gcc.hpp
                          $MGC_HOME/shared/include/sysc/packages/boost/mpl/aux_/config/workaround.hpp
                    $MGC_HOME/shared/include/sysc/packages/boost/mpl/integral_c_tag.hpp
                      $MGC_HOME/shared/include/sysc/packages/boost/mpl/aux_/config/static_constant.hpp
                $MGC_HOME/shared/include/sysc/packages/boost/mem_fn.hpp
                  $MGC_HOME/shared/include/sysc/packages/boost/get_pointer.hpp
                  $MGC_HOME/shared/include/sysc/packages/boost/bind/mem_fn_template.hpp
                  $MGC_HOME/shared/include/sysc/packages/boost/bind/mem_fn_cc.hpp
                $MGC_HOME/shared/include/sysc/packages/boost/type.hpp
                $MGC_HOME/shared/include/sysc/packages/boost/bind/arg.hpp
                $MGC_HOME/shared/include/sysc/packages/boost/bind/bind_template.hpp
                $MGC_HOME/shared/include/sysc/packages/boost/bind/bind_cc.hpp
                $MGC_HOME/shared/include/sysc/packages/boost/bind/bind_mf_cc.hpp
                $MGC_HOME/shared/include/sysc/packages/boost/bind/placeholders.hpp
      $PROJECT_HOME/../../../matchlib/cmod/include/nvhls_int.h
        $PROJECT_HOME/../../../matchlib/cmod/include/nvhls_marshaller.h
          $PROJECT_HOME/../../../matchlib/cmod/include/nvhls_connections_utils.h
            $PROJECT_HOME/../../../matchlib/cmod/include/nvhls_assert.h
              $PROJECT_HOME/../../../matchlib/cmod/include/hls_globals.h
              $MGC_HOME/shared/include/ac_assert.h
          $PROJECT_HOME/../../../matchlib/connections/include/connections/marshaller.h
            $MGC_HOME/shared/include/ccs_types.h
              $MGC_HOME/shared/include/tlm.h
                $MGC_HOME/shared/include/tlm
                  $MGC_HOME/shared/include/systemc
                  $MGC_HOME/shared/include/tlm_core/tlm_2/tlm_version.h
                  $MGC_HOME/shared/include/tlm_core/tlm_1/tlm_analysis/tlm_analysis.h
                    $MGC_HOME/shared/include/tlm_core/tlm_1/tlm_analysis/tlm_write_if.h
                      $MGC_HOME/shared/include/systemc
                    $MGC_HOME/shared/include/tlm_core/tlm_1/tlm_analysis/tlm_analysis_if.h
                    $MGC_HOME/shared/include/tlm_core/tlm_1/tlm_analysis/tlm_analysis_triple.h
                    $MGC_HOME/shared/include/tlm_core/tlm_1/tlm_analysis/tlm_analysis_port.h
                    $MGC_HOME/shared/include/tlm_core/tlm_1/tlm_analysis/tlm_analysis_fifo.h
                      $MGC_HOME/shared/include/tlm_core/tlm_1/tlm_req_rsp/tlm_channels/tlm_fifo/tlm_fifo.h
                        $MGC_HOME/shared/include/tlm_core/tlm_1/tlm_req_rsp/tlm_1_interfaces/tlm_fifo_ifs.h
                          $MGC_HOME/shared/include/tlm_core/tlm_1/tlm_req_rsp/tlm_1_interfaces/tlm_core_ifs.h
                            $MGC_HOME/shared/include/tlm_core/tlm_1/tlm_req_rsp/tlm_1_interfaces/tlm_tag.h
                        $MGC_HOME/shared/include/tlm_core/tlm_1/tlm_req_rsp/tlm_channels/tlm_fifo/circular_buffer.h
                        $MGC_HOME/shared/include/tlm_core/tlm_1/tlm_req_rsp/tlm_channels/tlm_fifo/tlm_fifo_put_get.h
                        $MGC_HOME/shared/include/tlm_core/tlm_1/tlm_req_rsp/tlm_channels/tlm_fifo/tlm_fifo_peek.h
                        $MGC_HOME/shared/include/tlm_core/tlm_1/tlm_req_rsp/tlm_channels/tlm_fifo/tlm_fifo_resize.h
                  $MGC_HOME/shared/include/tlm_core/tlm_1/tlm_req_rsp/tlm_req_rsp.h
                    $MGC_HOME/shared/include/tlm_core/tlm_1/tlm_req_rsp/tlm_1_interfaces/tlm_master_slave_ifs.h
                    $MGC_HOME/shared/include/tlm_core/tlm_1/tlm_req_rsp/tlm_channels/tlm_req_rsp_channels/tlm_req_rsp_channels.h
                      $MGC_HOME/shared/include/tlm_core/tlm_1/tlm_req_rsp/tlm_adapters/tlm_adapters.h
                      $MGC_HOME/shared/include/tlm_core/tlm_1/tlm_req_rsp/tlm_channels/tlm_req_rsp_channels/tlm_put_get_imp.h
                    $MGC_HOME/shared/include/tlm_core/tlm_1/tlm_req_rsp/tlm_ports/tlm_nonblocking_port.h
                      $MGC_HOME/shared/include/tlm_core/tlm_1/tlm_req_rsp/tlm_ports/tlm_event_finder.h
                  $MGC_HOME/shared/include/tlm_core/tlm_2/tlm_2_interfaces/tlm_2_interfaces.h
                    $MGC_HOME/shared/include/tlm_core/tlm_2/tlm_2_interfaces/tlm_dmi.h
                      $MGC_HOME/shared/include/systemc
                    $MGC_HOME/shared/include/tlm_core/tlm_2/tlm_2_interfaces/tlm_fw_bw_ifs.h
                      $MGC_HOME/shared/include/systemc
                      $MGC_HOME/shared/include/tlm_core/tlm_2/tlm_generic_payload/tlm_generic_payload.h
                        $MGC_HOME/shared/include/tlm_core/tlm_2/tlm_generic_payload/tlm_helpers.h
                        $MGC_HOME/shared/include/tlm_core/tlm_2/tlm_generic_payload/tlm_phase.h
                        $MGC_HOME/shared/include/tlm_core/tlm_2/tlm_generic_payload/tlm_gp.h
                          $MGC_HOME/shared/include/systemc
                          $MGC_HOME/shared/include/tlm_core/tlm_2/tlm_generic_payload/tlm_array.h
                            $MGC_HOME/shared/include/systemc
                        $MGC_HOME/shared/include/tlm_core/tlm_2/tlm_generic_payload/tlm_endian_conv.h
                          $MGC_HOME/shared/include/systemc
                  $MGC_HOME/shared/include/tlm_core/tlm_2/tlm_sockets/tlm_sockets.h
                    $MGC_HOME/shared/include/tlm_core/tlm_2/tlm_sockets/tlm_initiator_socket.h
                    $MGC_HOME/shared/include/tlm_core/tlm_2/tlm_sockets/tlm_target_socket.h
                  $MGC_HOME/shared/include/tlm_core/tlm_2/tlm_quantum/tlm_quantum.h
                    $MGC_HOME/shared/include/tlm_core/tlm_2/tlm_quantum/tlm_global_quantum.h
                      $MGC_HOME/shared/include/systemc
              $MGC_HOME/shared/include/ac_sc.h
                $MGC_HOME/shared/include/ac_complex.h
                  $MGC_HOME/shared/include/ac_float.h
                    $MGC_HOME/shared/include/ac_fixed.h
                      $MGC_HOME/shared/include/ac_int.h
              $MGC_HOME/shared/include/mc_typeconv.h
                $MGC_HOME/shared/include/mc_container_types.h
            $MGC_HOME/shared/include/ccs_p2p.h
              $MGC_HOME/shared/include/ccs_p2p/ccs_p2p_wire.h
              $MGC_HOME/shared/include/ccs_p2p/ccs_p2p_valid.h
              $MGC_HOME/shared/include/ccs_p2p/ccs_p2p_fifo.h
              $MGC_HOME/shared/include/ccs_p2p/ccs_p2p_sync.h
              $MGC_HOME/shared/include/ccs_p2p/ccs_p2p_event.h
            $PROJECT_HOME/../../../matchlib/connections/include/connections/connections_utils.h
              $MGC_HOME/shared/include/systemc
              $MGC_HOME/shared/include/ac_assert.h
            $PROJECT_HOME/../../../matchlib/connections/include/connections/message.h
      $PROJECT_HOME/../../../matchlib/cmod/include/nvhls_connections.h
        $PROJECT_HOME/../../../matchlib/connections/include/connections/connections.h
        $PROJECT_HOME/../../../matchlib/cmod/include/nvhls_packet.h
          $PROJECT_HOME/../../../matchlib/cmod/include/nvhls_types.h
          $PROJECT_HOME/../../../matchlib/cmod/include/nvhls_message.h
        $PROJECT_HOME/../../../matchlib/cmod/include/nvhls_module.h
          $PROJECT_HOME/../../../matchlib/cmod/include/nvhls_trace.h
        $PROJECT_HOME/../../../matchlib/cmod/include/fifo.h
          $PROJECT_HOME/../../../matchlib/cmod/include/mem_array.h
            $PROJECT_HOME/../../../matchlib/cmod/include/nvhls_array.h
            $PROJECT_HOME/../../../matchlib/cmod/include/TypeToBits.h
        $PROJECT_HOME/../../../matchlib/cmod/include/nvhls_connections_buffered_ports.h
        $PROJECT_HOME/../../../matchlib/cmod/include/nvhls_connections_network.h
          $PROJECT_HOME/../../../matchlib/cmod/include/nvhls_connections.h
    $PROJECT_HOME/../../../cmod/lab3/SysPE/testbench.cpp
  
  Processes/Blocks in Design
    Process       Real Operation(s) count Latency Throughput Reset Length II Comments 
    ------------- ----------------------- ------- ---------- ------------ -- --------
    /SysPE/PERun                       18       3          1            1  0          
    Design Total:                      18       3          1            1  1          
    
  Clock Information
    Clock Signal Edge   Period Sharing Alloc (%) Uncertainty Used by Processes/Blocks 
    ------------ ------ ------ ----------------- ----------- ------------------------
    clk          rising  2.000             20.00    0.000000 /SysPE/PERun             
    
  I/O Data Ranges
    Port           Mode DeclType DeclWidth DeclRange ActType ActWidth ActRange 
    -------------- ---- -------- --------- --------- ------- -------- --------
    clk            IN   Unsigned         1                                     
    rst            IN   Unsigned         1                                     
    weight_in.val  IN   Unsigned         1                                     
    weight_in.msg  IN   Unsigned         8                                     
    act_in.val     IN   Unsigned         1                                     
    act_in.msg     IN   Unsigned         8                                     
    accum_in.val   IN   Unsigned         1                                     
    accum_in.msg   IN   Unsigned        32                                     
    act_out.rdy    IN   Unsigned         1                                     
    accum_out.rdy  IN   Unsigned         1                                     
    weight_out.rdy IN   Unsigned         1                                     
    weight_in.rdy  OUT  Unsigned         1                                     
    act_in.rdy     OUT  Unsigned         1                                     
    accum_in.rdy   OUT  Unsigned         1                                     
    act_out.val    OUT  Unsigned         1                                     
    act_out.msg    OUT  Unsigned         8                                     
    accum_out.val  OUT  Unsigned         1                                     
    accum_out.msg  OUT  Unsigned        32                                     
    weight_out.val OUT  Unsigned         1                                     
    weight_out.msg OUT  Unsigned         8                                     
    
  Memory Resources
    Resource Name: /SysPE/Connections::InBlocking<SysPE::InputType,Connections::SYN_PORT>::PopNB/data:rsc
      Memory Component: mgc_out_dreg                 Size:         1 x 8
      External:         true                         Packing Mode: sidebyside
      Memory Map:
      Variable                                                                           Indices Phys Memory Address     
      ---------------------------------------------------------------------------------- ------- -----------------------
      /SysPE/Connections::InBlocking<SysPE::InputType,Connections::SYN_PORT>::PopNB/data     0:7 00000000-00000000 (0-0) 
      
    Resource Name: /SysPE/Connections::InBlocking<SysPE::InputType,Connections::SYN_PORT>::PopNB/do_wait:rsc
      Memory Component: ccs_in                       Size:         1 x 1
      External:         true                         Packing Mode: sidebyside
      Memory Map:
      Variable                                                                              Indices Phys Memory Address     
      ------------------------------------------------------------------------------------- ------- -----------------------
      /SysPE/Connections::InBlocking<SysPE::InputType,Connections::SYN_PORT>::PopNB/do_wait     0:0 00000000-00000000 (0-0) 
      
    Resource Name: /SysPE/Connections::InBlocking<SysPE::InputType,Connections::SYN_PORT>::PopNB/return:rsc
      Memory Component: mgc_out_dreg                 Size:         1 x 1
      External:         true                         Packing Mode: sidebyside
      Memory Map:
      Variable                                                                             Indices Phys Memory Address     
      ------------------------------------------------------------------------------------ ------- -----------------------
      /SysPE/Connections::InBlocking<SysPE::InputType,Connections::SYN_PORT>::PopNB/return     0:0 00000000-00000000 (0-0) 
      
    Resource Name: /SysPE/Connections::InBlocking<SysPE::InputType,Connections::SYN_PORT>::PopNB/ccs_ccore_start:rsc
      Memory Component: ccs_in                       Size:         1 x 1
      External:         true                         Packing Mode: sidebyside
      Memory Map:
      Variable                                                                                      Indices Phys Memory Address     
      --------------------------------------------------------------------------------------------- ------- -----------------------
      /SysPE/Connections::InBlocking<SysPE::InputType,Connections::SYN_PORT>::PopNB/ccs_ccore_start     0:0 00000000-00000000 (0-0) 
      
    Resource Name: /SysPE/Connections::OutBlocking<SysPE::InputType,Connections::SYN_PORT>::PushNB/m:rsc
      Memory Component: ccs_in                       Size:         1 x 8
      External:         true                         Packing Mode: sidebyside
      Memory Map:
      Variable                                                                          Indices Phys Memory Address     
      --------------------------------------------------------------------------------- ------- -----------------------
      /SysPE/Connections::OutBlocking<SysPE::InputType,Connections::SYN_PORT>::PushNB/m     0:7 00000000-00000000 (0-0) 
      
    Resource Name: /SysPE/Connections::OutBlocking<SysPE::InputType,Connections::SYN_PORT>::PushNB/do_wait:rsc
      Memory Component: ccs_in                       Size:         1 x 1
      External:         true                         Packing Mode: sidebyside
      Memory Map:
      Variable                                                                                Indices Phys Memory Address     
      --------------------------------------------------------------------------------------- ------- -----------------------
      /SysPE/Connections::OutBlocking<SysPE::InputType,Connections::SYN_PORT>::PushNB/do_wait     0:0 00000000-00000000 (0-0) 
      
    Resource Name: /SysPE/Connections::OutBlocking<SysPE::InputType,Connections::SYN_PORT>::PushNB/return:rsc
      Memory Component: mgc_out_dreg                 Size:         1 x 1
      External:         true                         Packing Mode: sidebyside
      Memory Map:
      Variable                                                                               Indices Phys Memory Address     
      -------------------------------------------------------------------------------------- ------- -----------------------
      /SysPE/Connections::OutBlocking<SysPE::InputType,Connections::SYN_PORT>::PushNB/return     0:0 00000000-00000000 (0-0) 
      
    Resource Name: /SysPE/Connections::OutBlocking<SysPE::InputType,Connections::SYN_PORT>::PushNB/ccs_ccore_start:rsc
      Memory Component: ccs_in                       Size:         1 x 1
      External:         true                         Packing Mode: sidebyside
      Memory Map:
      Variable                                                                                        Indices Phys Memory Address     
      ----------------------------------------------------------------------------------------------- ------- -----------------------
      /SysPE/Connections::OutBlocking<SysPE::InputType,Connections::SYN_PORT>::PushNB/ccs_ccore_start     0:0 00000000-00000000 (0-0) 
      
    Resource Name: /SysPE/Connections::InBlocking<SysPE::AccumType,Connections::SYN_PORT>::PopNB/data:rsc
      Memory Component: mgc_out_dreg                 Size:         1 x 32
      External:         true                         Packing Mode: sidebyside
      Memory Map:
      Variable                                                                           Indices Phys Memory Address     
      ---------------------------------------------------------------------------------- ------- -----------------------
      /SysPE/Connections::InBlocking<SysPE::AccumType,Connections::SYN_PORT>::PopNB/data    0:31 00000000-00000000 (0-0) 
      
    Resource Name: /SysPE/Connections::InBlocking<SysPE::AccumType,Connections::SYN_PORT>::PopNB/do_wait:rsc
      Memory Component: ccs_in                       Size:         1 x 1
      External:         true                         Packing Mode: sidebyside
      Memory Map:
      Variable                                                                              Indices Phys Memory Address     
      ------------------------------------------------------------------------------------- ------- -----------------------
      /SysPE/Connections::InBlocking<SysPE::AccumType,Connections::SYN_PORT>::PopNB/do_wait     0:0 00000000-00000000 (0-0) 
      
    Resource Name: /SysPE/Connections::InBlocking<SysPE::AccumType,Connections::SYN_PORT>::PopNB/return:rsc
      Memory Component: mgc_out_dreg                 Size:         1 x 1
      External:         true                         Packing Mode: sidebyside
      Memory Map:
      Variable                                                                             Indices Phys Memory Address     
      ------------------------------------------------------------------------------------ ------- -----------------------
      /SysPE/Connections::InBlocking<SysPE::AccumType,Connections::SYN_PORT>::PopNB/return     0:0 00000000-00000000 (0-0) 
      
    Resource Name: /SysPE/Connections::InBlocking<SysPE::AccumType,Connections::SYN_PORT>::PopNB/ccs_ccore_start:rsc
      Memory Component: ccs_in                       Size:         1 x 1
      External:         true                         Packing Mode: sidebyside
      Memory Map:
      Variable                                                                                      Indices Phys Memory Address     
      --------------------------------------------------------------------------------------------- ------- -----------------------
      /SysPE/Connections::InBlocking<SysPE::AccumType,Connections::SYN_PORT>::PopNB/ccs_ccore_start     0:0 00000000-00000000 (0-0) 
      
    Resource Name: /SysPE/Connections::OutBlocking<SysPE::InputType,Connections::SYN_PORT>::Push/m:rsc
      Memory Component: ccs_in                       Size:         1 x 8
      External:         true                         Packing Mode: sidebyside
      Memory Map:
      Variable                                                                        Indices Phys Memory Address     
      ------------------------------------------------------------------------------- ------- -----------------------
      /SysPE/Connections::OutBlocking<SysPE::InputType,Connections::SYN_PORT>::Push/m     0:7 00000000-00000000 (0-0) 
      
    Resource Name: /SysPE/Connections::OutBlocking<SysPE::InputType,Connections::SYN_PORT>::Push/ccs_ccore_start:rsc
      Memory Component: ccs_in                       Size:         1 x 1
      External:         true                         Packing Mode: sidebyside
      Memory Map:
      Variable                                                                                      Indices Phys Memory Address     
      --------------------------------------------------------------------------------------------- ------- -----------------------
      /SysPE/Connections::OutBlocking<SysPE::InputType,Connections::SYN_PORT>::Push/ccs_ccore_start     0:0 00000000-00000000 (0-0) 
      
    Resource Name: /SysPE/Connections::OutBlocking<SysPE::AccumType,Connections::SYN_PORT>::Push/m:rsc
      Memory Component: ccs_in                       Size:         1 x 32
      External:         true                         Packing Mode: sidebyside
      Memory Map:
      Variable                                                                        Indices Phys Memory Address     
      ------------------------------------------------------------------------------- ------- -----------------------
      /SysPE/Connections::OutBlocking<SysPE::AccumType,Connections::SYN_PORT>::Push/m    0:31 00000000-00000000 (0-0) 
      
    Resource Name: /SysPE/Connections::OutBlocking<SysPE::AccumType,Connections::SYN_PORT>::Push/ccs_ccore_start:rsc
      Memory Component: ccs_in                       Size:         1 x 1
      External:         true                         Packing Mode: sidebyside
      Memory Map:
      Variable                                                                                      Indices Phys Memory Address     
      --------------------------------------------------------------------------------------------- ------- -----------------------
      /SysPE/Connections::OutBlocking<SysPE::AccumType,Connections::SYN_PORT>::Push/ccs_ccore_start     0:0 00000000-00000000 (0-0) 
      
  C++ to Interface Mappings
    C++ Field Interface Range Range Expression Expression Limits 
    --------- --------------- ---------------- -----------------
    
  Multi-Cycle (Combinational) Component Usage
    Instance Component Name Delay 
    -------- -------------- -----
    
  Loops
    Process      Loop             Iterations C-Steps Total Cycles  Duration  Unroll Init Comments 
    ------------ ---------------- ---------- ------- ------------- --------- ------ ---- --------
    /SysPE/PERun PERun:rlp          Infinite       1            5  10.00 ns                       
    /SysPE/PERun  while             Infinite       4            4   8.00 ns            1          
    
  Loop Execution Profile
    Process      Loop             Total Cycles % of Overall Design Cycles Throughput Cycles Comments 
    ------------ ---------------- ------------ -------------------------- ----------------- --------
    /SysPE/PERun PERun:rlp                  1                       20.00                1           
    /SysPE/PERun  while                     4                       80.00                1           
    
  End of Report
