-- Catapult Ultra Synthesis: Report                                              
-- ------------------------- ---------------------------------------------------
-- Version:                  10.4b/841621 Production Release                     
-- Build Date:               Thu Oct 24 17:20:07 PDT 2019                        
                                                                                 
-- Generated by:             billyk@cad.eecs.harvard.edu                         
-- Generated date:           Fri Apr 17 21:42:13 EDT 2020                        

Solution Settings: SysPE.v1
  Current state: extract
  Project: Catapult
  
  Design Input Files Specified
    $PROJECT_HOME/../../../cmod/lab3/SysPE/SysPE.h
      $MGC_HOME/shared/include/systemc.h
        $MGC_HOME/shared/include/systemc
          $MGC_HOME/shared/include/sysc/kernel/sc_cmnhdr.h
          $MGC_HOME/shared/include/sysc/kernel/sc_externs.h
          $MGC_HOME/shared/include/sysc/kernel/sc_except.h
          $MGC_HOME/shared/include/sysc/kernel/sc_module.h
            $MGC_HOME/shared/include/sysc/kernel/sc_kernel_ids.h
              $MGC_HOME/shared/include/sysc/utils/sc_report.h
                $MGC_HOME/shared/include/sysc/utils/sc_report_handler.h
            $MGC_HOME/shared/include/sysc/kernel/sc_process.h
              $MGC_HOME/shared/include/sysc/utils/sc_iostream.h
              $MGC_HOME/shared/include/sysc/kernel/sc_constants.h
              $MGC_HOME/shared/include/sysc/kernel/sc_object.h
                $MGC_HOME/shared/include/sysc/kernel/sc_attribute.h
              $MGC_HOME/shared/include/sysc/kernel/sc_reset.h
                $MGC_HOME/shared/include/sysc/communication/sc_writer_policy.h
              $MGC_HOME/shared/include/sysc/communication/sc_export.h
                $MGC_HOME/shared/include/sysc/communication/sc_communication_ids.h
                $MGC_HOME/shared/include/sysc/communication/sc_interface.h
            $MGC_HOME/shared/include/sysc/kernel/sc_module_name.h
            $MGC_HOME/shared/include/sysc/kernel/sc_sensitive.h
            $MGC_HOME/shared/include/sysc/kernel/sc_time.h
              $MGC_HOME/shared/include/sysc/datatypes/int/sc_nbdefs.h
                $MGC_HOME/shared/include/sysc/utils/sc_string.h
              $MGC_HOME/shared/include/sysc/datatypes/fx/scfx_ieee.h
                $MGC_HOME/shared/include/sysc/datatypes/fx/sc_fxdefs.h
                  $MGC_HOME/shared/include/sysc/utils/sc_machine.h
                    $MGC_HOME/shared/include/sysc/packages/boost/detail/endian.hpp
                  $MGC_HOME/shared/include/sysc/datatypes/fx/sc_fx_ids.h
                  $MGC_HOME/shared/include/sysc/datatypes/int/sc_nbutils.h
                    $MGC_HOME/shared/include/sysc/datatypes/bit/sc_bit_ids.h
                    $MGC_HOME/shared/include/sysc/datatypes/int/sc_int_ids.h
            $MGC_HOME/shared/include/sysc/kernel/sc_wait.h
              $MGC_HOME/shared/include/sysc/kernel/sc_simcontext.h
                $MGC_HOME/shared/include/sysc/utils/sc_hash.h
                $MGC_HOME/shared/include/sysc/utils/sc_pq.h
            $MGC_HOME/shared/include/sysc/kernel/sc_wait_cthread.h
              $MGC_HOME/shared/include/sysc/datatypes/bit/sc_logic.h
                $MGC_HOME/shared/include/sysc/kernel/sc_macros.h
                $MGC_HOME/shared/include/sysc/utils/sc_mempool.h
                $MGC_HOME/shared/include/sysc/datatypes/bit/sc_bit.h
              $MGC_HOME/shared/include/sysc/communication/sc_signal_ifs.h
            $MGC_HOME/shared/include/sysc/kernel/sc_process_handle.h
              $MGC_HOME/shared/include/sysc/kernel/sc_module.h
            $MGC_HOME/shared/include/sysc/utils/sc_list.h
          $MGC_HOME/shared/include/sysc/kernel/sc_ver.h
          $MGC_HOME/shared/include/sysc/communication/sc_buffer.h
            $MGC_HOME/shared/include/sysc/communication/sc_signal.h
              $MGC_HOME/shared/include/sysc/communication/sc_port.h
                $MGC_HOME/shared/include/sysc/kernel/sc_event.h
              $MGC_HOME/shared/include/sysc/communication/sc_prim_channel.h
              $MGC_HOME/shared/include/sysc/tracing/sc_trace.h
          $MGC_HOME/shared/include/sysc/communication/sc_clock.h
          $MGC_HOME/shared/include/sysc/communication/sc_clock_ports.h
            $MGC_HOME/shared/include/sysc/communication/sc_signal_ports.h
              $MGC_HOME/shared/include/sysc/communication/sc_event_finder.h
          $MGC_HOME/shared/include/sysc/communication/sc_event_queue.h
          $MGC_HOME/shared/include/sysc/communication/sc_fifo.h
            $MGC_HOME/shared/include/sysc/communication/sc_fifo_ifs.h
          $MGC_HOME/shared/include/sysc/communication/sc_fifo_ports.h
          $MGC_HOME/shared/include/sysc/communication/sc_mutex.h
            $MGC_HOME/shared/include/sysc/communication/sc_mutex_if.h
          $MGC_HOME/shared/include/sysc/communication/sc_semaphore.h
            $MGC_HOME/shared/include/sysc/communication/sc_semaphore_if.h
          $MGC_HOME/shared/include/sysc/communication/sc_signal_resolved.h
          $MGC_HOME/shared/include/sysc/communication/sc_signal_resolved_ports.h
          $MGC_HOME/shared/include/sysc/communication/sc_signal_rv.h
            $MGC_HOME/shared/include/sysc/datatypes/bit/sc_lv.h
              $MGC_HOME/shared/include/sysc/datatypes/bit/sc_lv_base.h
                $MGC_HOME/shared/include/sysc/datatypes/bit/sc_bv_base.h
                  $MGC_HOME/shared/include/sysc/datatypes/bit/sc_bit_proxies.h
                    $MGC_HOME/shared/include/sysc/datatypes/bit/sc_proxy.h
                      $MGC_HOME/shared/include/sysc/datatypes/int/sc_signed.h
                        $MGC_HOME/shared/include/sysc/datatypes/misc/sc_value_base.h
                        $MGC_HOME/shared/include/sysc/utils/sc_temporary.h
                        $MGC_HOME/shared/include/sysc/datatypes/int/sc_length_param.h
                          $MGC_HOME/shared/include/sysc/datatypes/fx/sc_context.h
                        $MGC_HOME/shared/include/sysc/datatypes/int/sc_nbexterns.h
                        $MGC_HOME/shared/include/sysc/datatypes/int/sc_unsigned.h
                      $MGC_HOME/shared/include/sysc/datatypes/int/sc_int_base.h
                        $MGC_HOME/shared/include/sysc/datatypes/int/sc_uint_base.h
          $MGC_HOME/shared/include/sysc/communication/sc_signal_rv_ports.h
          $MGC_HOME/shared/include/sysc/datatypes/bit/sc_bv.h
          $MGC_HOME/shared/include/sysc/datatypes/int/sc_bigint.h
          $MGC_HOME/shared/include/sysc/datatypes/int/sc_biguint.h
          $MGC_HOME/shared/include/sysc/datatypes/int/sc_int.h
          $MGC_HOME/shared/include/sysc/datatypes/int/sc_uint.h
          $MGC_HOME/shared/include/sysc/datatypes/misc/sc_concatref.h
          $MGC_HOME/shared/include/sysc/tracing/sc_vcd_trace.h
          $MGC_HOME/shared/include/sysc/tracing/sc_wif_trace.h
          $MGC_HOME/shared/include/sysc/utils/sc_utils_ids.h
          $MGC_HOME/shared/include/sysc/utils/sc_pvector.h
          $MGC_HOME/shared/include/sysc/utils/sc_vector.h
            $MGC_HOME/shared/include/sysc/packages/boost/config.hpp
              $MGC_HOME/shared/include/sysc/packages/boost/config/user.hpp
              $MGC_HOME/shared/include/sysc/packages/boost/config/select_compiler_config.hpp
              $MGC_HOME/shared/include/sysc/packages/boost/config/compiler/gcc.hpp
              $MGC_HOME/shared/include/sysc/packages/boost/config/select_stdlib_config.hpp
              $MGC_HOME/shared/include/sysc/packages/boost/config/stdlib/libstdcpp3.hpp
              $MGC_HOME/shared/include/sysc/packages/boost/config/select_platform_config.hpp
              $MGC_HOME/shared/include/sysc/packages/boost/config/platform/linux.hpp
                $MGC_HOME/shared/include/sysc/packages/boost/config/posix_features.hpp
              $MGC_HOME/shared/include/sysc/packages/boost/config/suffix.hpp
            $MGC_HOME/shared/include/sysc/packages/boost/utility/enable_if.hpp
          $MGC_HOME/shared/include/sysc/kernel/sc_dynamic_processes.h
            $MGC_HOME/shared/include/sysc/kernel/sc_spawn.h
              $MGC_HOME/shared/include/sysc/kernel/sc_spawn_options.h
            $MGC_HOME/shared/include/sysc/kernel/sc_join.h
            $MGC_HOME/shared/include/sysc/kernel/sc_boost.h
              $MGC_HOME/shared/include/sysc/packages/boost/bind.hpp
                $MGC_HOME/shared/include/sysc/packages/boost/ref.hpp
                  $MGC_HOME/shared/include/sysc/packages/boost/utility/addressof.hpp
                    $MGC_HOME/shared/include/sysc/packages/boost/detail/workaround.hpp
                  $MGC_HOME/shared/include/sysc/packages/boost/mpl/bool.hpp
                    $MGC_HOME/shared/include/sysc/packages/boost/mpl/bool_fwd.hpp
                      $MGC_HOME/shared/include/sysc/packages/boost/mpl/aux_/adl_barrier.hpp
                        $MGC_HOME/shared/include/sysc/packages/boost/mpl/aux_/config/adl.hpp
                          $MGC_HOME/shared/include/sysc/packages/boost/mpl/aux_/config/msvc.hpp
                          $MGC_HOME/shared/include/sysc/packages/boost/mpl/aux_/config/intel.hpp
                          $MGC_HOME/shared/include/sysc/packages/boost/mpl/aux_/config/gcc.hpp
                          $MGC_HOME/shared/include/sysc/packages/boost/mpl/aux_/config/workaround.hpp
                    $MGC_HOME/shared/include/sysc/packages/boost/mpl/integral_c_tag.hpp
                      $MGC_HOME/shared/include/sysc/packages/boost/mpl/aux_/config/static_constant.hpp
                $MGC_HOME/shared/include/sysc/packages/boost/mem_fn.hpp
                  $MGC_HOME/shared/include/sysc/packages/boost/get_pointer.hpp
                  $MGC_HOME/shared/include/sysc/packages/boost/bind/mem_fn_template.hpp
                  $MGC_HOME/shared/include/sysc/packages/boost/bind/mem_fn_cc.hpp
                $MGC_HOME/shared/include/sysc/packages/boost/type.hpp
                $MGC_HOME/shared/include/sysc/packages/boost/bind/arg.hpp
                $MGC_HOME/shared/include/sysc/packages/boost/bind/bind_template.hpp
                $MGC_HOME/shared/include/sysc/packages/boost/bind/bind_cc.hpp
                $MGC_HOME/shared/include/sysc/packages/boost/bind/bind_mf_cc.hpp
                $MGC_HOME/shared/include/sysc/packages/boost/bind/placeholders.hpp
      $PROJECT_HOME/../../../matchlib/cmod/include/nvhls_int.h
        $PROJECT_HOME/../../../matchlib/cmod/include/nvhls_marshaller.h
          $PROJECT_HOME/../../../matchlib/cmod/include/nvhls_connections_utils.h
            $PROJECT_HOME/../../../matchlib/cmod/include/nvhls_assert.h
              $PROJECT_HOME/../../../matchlib/cmod/include/hls_globals.h
              $MGC_HOME/shared/include/ac_assert.h
          $PROJECT_HOME/../../../matchlib/connections/include/connections/marshaller.h
            $MGC_HOME/shared/include/ccs_types.h
              $MGC_HOME/shared/include/tlm.h
                $MGC_HOME/shared/include/tlm
                  $MGC_HOME/shared/include/systemc
                  $MGC_HOME/shared/include/tlm_core/tlm_2/tlm_version.h
                  $MGC_HOME/shared/include/tlm_core/tlm_1/tlm_analysis/tlm_analysis.h
                    $MGC_HOME/shared/include/tlm_core/tlm_1/tlm_analysis/tlm_write_if.h
                      $MGC_HOME/shared/include/systemc
                    $MGC_HOME/shared/include/tlm_core/tlm_1/tlm_analysis/tlm_analysis_if.h
                    $MGC_HOME/shared/include/tlm_core/tlm_1/tlm_analysis/tlm_analysis_triple.h
                    $MGC_HOME/shared/include/tlm_core/tlm_1/tlm_analysis/tlm_analysis_port.h
                    $MGC_HOME/shared/include/tlm_core/tlm_1/tlm_analysis/tlm_analysis_fifo.h
                      $MGC_HOME/shared/include/tlm_core/tlm_1/tlm_req_rsp/tlm_channels/tlm_fifo/tlm_fifo.h
                        $MGC_HOME/shared/include/tlm_core/tlm_1/tlm_req_rsp/tlm_1_interfaces/tlm_fifo_ifs.h
                          $MGC_HOME/shared/include/tlm_core/tlm_1/tlm_req_rsp/tlm_1_interfaces/tlm_core_ifs.h
                            $MGC_HOME/shared/include/tlm_core/tlm_1/tlm_req_rsp/tlm_1_interfaces/tlm_tag.h
                        $MGC_HOME/shared/include/tlm_core/tlm_1/tlm_req_rsp/tlm_channels/tlm_fifo/circular_buffer.h
                        $MGC_HOME/shared/include/tlm_core/tlm_1/tlm_req_rsp/tlm_channels/tlm_fifo/tlm_fifo_put_get.h
                        $MGC_HOME/shared/include/tlm_core/tlm_1/tlm_req_rsp/tlm_channels/tlm_fifo/tlm_fifo_peek.h
                        $MGC_HOME/shared/include/tlm_core/tlm_1/tlm_req_rsp/tlm_channels/tlm_fifo/tlm_fifo_resize.h
                  $MGC_HOME/shared/include/tlm_core/tlm_1/tlm_req_rsp/tlm_req_rsp.h
                    $MGC_HOME/shared/include/tlm_core/tlm_1/tlm_req_rsp/tlm_1_interfaces/tlm_master_slave_ifs.h
                    $MGC_HOME/shared/include/tlm_core/tlm_1/tlm_req_rsp/tlm_channels/tlm_req_rsp_channels/tlm_req_rsp_channels.h
                      $MGC_HOME/shared/include/tlm_core/tlm_1/tlm_req_rsp/tlm_adapters/tlm_adapters.h
                      $MGC_HOME/shared/include/tlm_core/tlm_1/tlm_req_rsp/tlm_channels/tlm_req_rsp_channels/tlm_put_get_imp.h
                    $MGC_HOME/shared/include/tlm_core/tlm_1/tlm_req_rsp/tlm_ports/tlm_nonblocking_port.h
                      $MGC_HOME/shared/include/tlm_core/tlm_1/tlm_req_rsp/tlm_ports/tlm_event_finder.h
                  $MGC_HOME/shared/include/tlm_core/tlm_2/tlm_2_interfaces/tlm_2_interfaces.h
                    $MGC_HOME/shared/include/tlm_core/tlm_2/tlm_2_interfaces/tlm_dmi.h
                      $MGC_HOME/shared/include/systemc
                    $MGC_HOME/shared/include/tlm_core/tlm_2/tlm_2_interfaces/tlm_fw_bw_ifs.h
                      $MGC_HOME/shared/include/systemc
                      $MGC_HOME/shared/include/tlm_core/tlm_2/tlm_generic_payload/tlm_generic_payload.h
                        $MGC_HOME/shared/include/tlm_core/tlm_2/tlm_generic_payload/tlm_helpers.h
                        $MGC_HOME/shared/include/tlm_core/tlm_2/tlm_generic_payload/tlm_phase.h
                        $MGC_HOME/shared/include/tlm_core/tlm_2/tlm_generic_payload/tlm_gp.h
                          $MGC_HOME/shared/include/systemc
                          $MGC_HOME/shared/include/tlm_core/tlm_2/tlm_generic_payload/tlm_array.h
                            $MGC_HOME/shared/include/systemc
                        $MGC_HOME/shared/include/tlm_core/tlm_2/tlm_generic_payload/tlm_endian_conv.h
                          $MGC_HOME/shared/include/systemc
                  $MGC_HOME/shared/include/tlm_core/tlm_2/tlm_sockets/tlm_sockets.h
                    $MGC_HOME/shared/include/tlm_core/tlm_2/tlm_sockets/tlm_initiator_socket.h
                    $MGC_HOME/shared/include/tlm_core/tlm_2/tlm_sockets/tlm_target_socket.h
                  $MGC_HOME/shared/include/tlm_core/tlm_2/tlm_quantum/tlm_quantum.h
                    $MGC_HOME/shared/include/tlm_core/tlm_2/tlm_quantum/tlm_global_quantum.h
                      $MGC_HOME/shared/include/systemc
              $MGC_HOME/shared/include/ac_sc.h
                $MGC_HOME/shared/include/ac_complex.h
                  $MGC_HOME/shared/include/ac_float.h
                    $MGC_HOME/shared/include/ac_fixed.h
                      $MGC_HOME/shared/include/ac_int.h
              $MGC_HOME/shared/include/mc_typeconv.h
                $MGC_HOME/shared/include/mc_container_types.h
            $MGC_HOME/shared/include/ccs_p2p.h
              $MGC_HOME/shared/include/ccs_p2p/ccs_p2p_wire.h
              $MGC_HOME/shared/include/ccs_p2p/ccs_p2p_valid.h
              $MGC_HOME/shared/include/ccs_p2p/ccs_p2p_fifo.h
              $MGC_HOME/shared/include/ccs_p2p/ccs_p2p_sync.h
              $MGC_HOME/shared/include/ccs_p2p/ccs_p2p_event.h
            $PROJECT_HOME/../../../matchlib/connections/include/connections/connections_utils.h
              $MGC_HOME/shared/include/systemc
              $MGC_HOME/shared/include/ac_assert.h
            $PROJECT_HOME/../../../matchlib/connections/include/connections/message.h
      $PROJECT_HOME/../../../matchlib/cmod/include/nvhls_connections.h
        $PROJECT_HOME/../../../matchlib/connections/include/connections/connections.h
        $PROJECT_HOME/../../../matchlib/cmod/include/nvhls_packet.h
          $PROJECT_HOME/../../../matchlib/cmod/include/nvhls_types.h
          $PROJECT_HOME/../../../matchlib/cmod/include/nvhls_message.h
        $PROJECT_HOME/../../../matchlib/cmod/include/nvhls_module.h
          $PROJECT_HOME/../../../matchlib/cmod/include/nvhls_trace.h
        $PROJECT_HOME/../../../matchlib/cmod/include/fifo.h
          $PROJECT_HOME/../../../matchlib/cmod/include/mem_array.h
            $PROJECT_HOME/../../../matchlib/cmod/include/nvhls_array.h
            $PROJECT_HOME/../../../matchlib/cmod/include/TypeToBits.h
        $PROJECT_HOME/../../../matchlib/cmod/include/nvhls_connections_buffered_ports.h
        $PROJECT_HOME/../../../matchlib/cmod/include/nvhls_connections_network.h
          $PROJECT_HOME/../../../matchlib/cmod/include/nvhls_connections.h
    $PROJECT_HOME/../../../cmod/lab3/SysPE/testbench.cpp
  
  Processes/Blocks in Design
    Process       Real Operation(s) count Latency Throughput Reset Length II Comments 
    ------------- ----------------------- ------- ---------- ------------ -- --------
    /SysPE/PERun                       18       3          1            1  0          
    Design Total:                      18       3          1            1  1          
    
  Bill Of Materials (Datapath)
    Component Name                                                                                        Area Score Area(Combinational) AreaSeq Delay Post Alloc Post Assign 
    ----------------------------------------------------------------------------------------------------- ---------- ------------------- ------- ----- ---------- -----------
    [Lib: cluster]                                                                                                                                                            
    Connections__InBlocking_SysPE__AccumType_Connections__SYN_--_fcc000cdee2bdbaf1af8321dad3e708762fd(15)     21.800               0.000   0.000 0.090          1           1 
    Connections__InBlocking_SysPE__InputType_Connections__SYN_--_3d75a24542f9bd72f21738470c667f036340(12)     21.800               0.000   0.000 0.090          1           1 
    Connections__InBlocking_SysPE__InputType_Connections__SYN_--_3d75a24542f9bd72f21738470c667f036340(14)     21.800               0.000   0.000 0.090          1           1 
    Connections__OutBlocking_SysPE__AccumType_Connections__SYN--_2c1d8b870a5e6780c1a757ef891031fc5be9(17)    348.596               0.000   0.000 0.114          1           1 
    Connections__OutBlocking_SysPE__InputType_Connections__SYN--_027f1954845d044556c8243937c776375bcb(16)    115.799               0.000   0.000 0.114          1           1 
    Connections__OutBlocking_SysPE__InputType_Connections__SYN--_7961c91e828f28e6b31ea17763393cd662ff(13)    118.599               0.000   0.000 0.090          1           1 
    [Lib: mgc_sample-065nm-dw_beh_dc]                                                                                                                                         
    mgc_add(32,0,16,1,32,2)                                                                                  494.135             478.600   0.000 0.616          1           1 
    mgc_and(1,2,4)                                                                                             2.400               0.000   0.000 0.024          0          24 
    mgc_and(1,3,4)                                                                                             2.800               0.000   0.000 0.047          0           4 
    mgc_mul(8,1,8,1,16,2)                                                                                    700.914             703.473   0.000 0.592          1           0 
    mgc_mul(8,1,8,1,16,4)                                                                                    540.014             641.878   0.000 0.997          0           1 
    mgc_mux(1,1,2,3)                                                                                           3.990               1.619   0.000 0.032          0           7 
    mgc_mux(32,1,2,3)                                                                                        127.691             137.345   0.000 0.144          1           2 
    mgc_mux(8,1,2,3)                                                                                          31.923              25.894   0.000 0.052          2           4 
    mgc_nor(1,2,4)                                                                                             1.600               0.000   0.000 0.023          0          11 
    mgc_nor(1,3,4)                                                                                             3.200               1.737   0.000 0.048          0           1 
    mgc_not(1,4)                                                                                               1.200               0.858   0.000 0.011          0          18 
    mgc_or(1,2,4)                                                                                              2.400               0.000   0.000 0.022          0           4 
    mgc_or(1,3,4)                                                                                              3.400               0.000   0.000 0.046          0           3 
    mgc_reg_pos(1,1,0,0,0,0,0,4)                                                                               9.700               1.197   0.000 0.090          0           9 
    mgc_reg_pos(1,1,0,0,0,1,1,4)                                                                               9.700               1.197   0.000 0.090          0           7 
    mgc_reg_pos(32,1,0,0,0,0,0,4)                                                                            310.396               1.210 302.132 0.090          0           1 
    mgc_reg_pos(32,1,0,0,0,1,1,4)                                                                            310.396               1.210 302.132 0.090          0           1 
    mgc_reg_pos(8,1,0,0,0,0,0,4)                                                                              77.599               1.204  69.036 0.090          0           2 
    mgc_reg_pos(8,1,0,0,0,1,1,4)                                                                              77.599               1.204  69.036 0.090          0           2 
                                                                                                                                                                              
    TOTAL AREA (After Assignment):                                                                          3310.933            1554.000 880.000                              
    
  Area Scores
                      Post-Scheduling   Post-DP & FSM Post-Assignment 
    ----------------- --------------- --------------- ---------------
    Total Area Score:   2520.0          2322.1          3333.1        
    Total Reg:           485.0  (19%)   1105.4  (48%)   1105.4  (33%) 
                                                                      
    DataPath:           2520.0 (100%)   2301.1  (99%)   3310.9  (99%) 
      MUX:               191.5   (8%)    446.2  (19%)    411.0  (12%) 
      FUNC:             1843.4  (73%)    648.4  (28%)   1682.5  (51%) 
      LOGIC:               0.0           120.2   (5%)    131.0   (4%) 
      BUFFER:              0.0             0.0             0.0        
      MEM:                 0.0             0.0             0.0        
      ROM:                 0.0             0.0             0.0        
      REG:               485.0  (19%)   1086.4  (47%)   1086.4  (33%) 
                                                                      
    
    FSM:                   0.0            21.0   (1%)     22.2   (1%) 
      FSM-REG:             0.0            19.0  (90%)     19.0  (86%) 
      FSM-COMB:            0.0             2.0  (10%)      3.2  (14%) 
                                                                      
    
  Register-to-Variable Mappings
    Register                                                           Size(bits) Gated Register CG Opt Done Variables                                                          
    ------------------------------------------------------------------ ---------- -------------- ----------- ------------------------------------------------------------------
    accum_in.PopNB():mioi.data_rsc_z.bfwt                                      32                            accum_in.PopNB():mioi.data_rsc_z.bfwt                              
    accum_reg.sva                                                              32         Y           Y      accum_reg.sva                                                      
    act_in.PopNB():mioi.data_rsc_z.bfwt                                         8                            act_in.PopNB():mioi.data_rsc_z.bfwt                                
    act_reg.sva                                                                 8         Y           Y      act_reg.sva                                                        
    weight_in.PopNB():mioi.data_rsc_z.bfwt                                      8                            weight_in.PopNB():mioi.data_rsc_z.bfwt                             
    weight_reg.sva                                                              8         Y           Y      weight_reg.sva                                                     
                                                                                                             weight_reg.sva.dfm.1                                               
    PERun.wten.reg                                                              1                            PERun.wten.reg                                                     
    accum_in.PopNB():mioi.bcwt                                                  1                            accum_in.PopNB():mioi.bcwt                                         
    accum_in.PopNB():mioi.return_rsc_z.bfwt                                     1                            accum_in.PopNB():mioi.return_rsc_z.bfwt                            
    accum_out.Push():mioi.bcwt                                                  1                            accum_out.Push():mioi.bcwt                                         
    act_in.PopNB():mioi.bcwt                                                    1                            act_in.PopNB():mioi.bcwt                                           
    act_in.PopNB():mioi.return_rsc_z.bfwt                                       1                            act_in.PopNB():mioi.return_rsc_z.bfwt                              
    act_out.Push():mioi.bcwt                                                    1                            act_out.Push():mioi.bcwt                                           
    is_accum_in.sva                                                             1         Y           Y      is_accum_in.sva                                                    
    is_act_in.sva                                                               1         Y           Y      is_act_in.sva                                                      
    reg(accum_in.PopNB():mioi.ccs_ccore_start_rsc_dat.PERun.psct).cse           1         Y                  reg(accum_in.PopNB():mioi.ccs_ccore_start_rsc_dat.PERun.psct).cse  
    reg(accum_out.Push():mioi.ccs_ccore_start_rsc_dat.PERun.psct).cse           1         Y                  reg(accum_out.Push():mioi.ccs_ccore_start_rsc_dat.PERun.psct).cse  
    reg(act_in.PopNB():mioi.ccs_ccore_start_rsc_dat.PERun.psct).cse             1         Y                  reg(act_in.PopNB():mioi.ccs_ccore_start_rsc_dat.PERun.psct).cse    
    reg(weight_in.PopNB():mioi.ccs_ccore_start_rsc_dat.PERun.psct).cse          1         Y                  reg(weight_in.PopNB():mioi.ccs_ccore_start_rsc_dat.PERun.psct).cse 
    weight_in.PopNB():mioi.bcwt                                                 1                            weight_in.PopNB():mioi.bcwt                                        
    weight_in.PopNB():mioi.return_rsc_z.bfwt                                    1                            weight_in.PopNB():mioi.return_rsc_z.bfwt                           
    while.stage_0.3                                                             1         Y                  while.stage_0.3                                                    
                                                                                                                                                                                
    Total:                                                                    112             55          50 (Total Gating Ratio: 0.49, CG Opt Gating Ratio: 0.45)              
    
  Timing Report
    Critical Path
      Max Delay:  1.833987
      Slack:      0.16601299999999997
      
      Path                                                                                                        Startpoint                                                                                                Endpoint                                                Delay   Slack  
      ----------------------------------------------------------------------------------------------------------- --------------------------------------------------------------------------------------------------------- ------------------------------------------------------- ------- ------
      1                                                                                                           SysPE:PERun/reg(act_reg)                                                                                  SysPE:PERun:accum_out.Push():mioi/accum_out.Push():mioi 1.8340  0.1660 
                                                                                                                                                                                                                                                                                                   
        Instance                                                                                                  Component                                                                                                                                                         Delta   Delay  
        --------                                                                                                  ---------                                                                                                                                                         -----   -----  
        SysPE:PERun/reg(act_reg)                                                                                  mgc_reg_pos_8_1_0_0_0_1_1_4                                                                                                                                       0.0900  0.0900 
        SysPE:PERun/act_reg.sva                                                                                                                                                                                                                                                     0.0000  0.0900 
        SysPE:PERun/act_reg:mux#1                                                                                 mgc_mux_8_1_2_3                                                                                                                                                   0.0519  0.1419 
        SysPE:PERun/act_out.Push():mioi.m_rsc_dat.PERun:mx1                                                                                                                                                                                                                         0.0000  0.1419 
        SysPE:PERun/act_reg:asn(act_out.Push():mioi.m_rsc_dat.PERun:mx1:tmp#1)                                                                                                                                                                                                      0.0000  0.1419 
        SysPE:PERun/act_reg:asn(act_out.Push():mioi.m_rsc_dat.PERun:mx1:tmp#1).itm                                                                                                                                                                                                  0.0000  0.1419 
        SysPE:PERun/while:if#3:accum_out_reg:mul                                                                  mgc_mul_8_1_8_1_16_4                                                                                                                                              0.9967  1.1386 
        SysPE:PERun/while:if#3:accum_out_reg:mul.itm                                                                                                                                                                                                                                0.0000  1.1386 
        SysPE:PERun/while:if#3:accum_out_reg:acc                                                                  mgc_addc_32_0_16_1_32_2                                                                                                                                           0.6157  1.7543 
        SysPE:PERun/while:if#3:accum_out_reg:acc.itm                                                                                                                                                                                                                                0.0000  1.7543 
        SysPE:PERun:accum_out.Push():mioi/accum_out.Push():mioi.m_rsc_dat.PERun                                                                                                                                                                                                     0.0000  1.7543 
        SysPE:PERun:accum_out.Push():mioi/accum_out.Push():mioi                                                   Connections_OutBlocking_SysPE_AccumType_Connections_SYN_PORT_Push_17                                                                                              0.0000  1.8340 
                                                                                                                                                                                                                                                                                                   
      2                                                                                                           SysPE:PERun/reg(is_act_in)                                                                                SysPE:PERun:accum_out.Push():mioi/accum_out.Push():mioi 1.8340  0.1660 
                                                                                                                                                                                                                                                                                                   
        Instance                                                                                                  Component                                                                                                                                                         Delta   Delay  
        --------                                                                                                  ---------                                                                                                                                                         -----   -----  
        SysPE:PERun/reg(is_act_in)                                                                                mgc_reg_pos_1_1_0_0_0_1_1_4                                                                                                                                       0.0900  0.0900 
        SysPE:PERun/is_act_in.sva                                                                                                                                                                                                                                                   0.0000  0.0900 
        SysPE:PERun/act_reg:mux#1                                                                                 mgc_mux_8_1_2_3                                                                                                                                                   0.0519  0.1419 
        SysPE:PERun/act_out.Push():mioi.m_rsc_dat.PERun:mx1                                                                                                                                                                                                                         0.0000  0.1419 
        SysPE:PERun/act_reg:asn(act_out.Push():mioi.m_rsc_dat.PERun:mx1:tmp#1)                                                                                                                                                                                                      0.0000  0.1419 
        SysPE:PERun/act_reg:asn(act_out.Push():mioi.m_rsc_dat.PERun:mx1:tmp#1).itm                                                                                                                                                                                                  0.0000  0.1419 
        SysPE:PERun/while:if#3:accum_out_reg:mul                                                                  mgc_mul_8_1_8_1_16_4                                                                                                                                              0.9967  1.1386 
        SysPE:PERun/while:if#3:accum_out_reg:mul.itm                                                                                                                                                                                                                                0.0000  1.1386 
        SysPE:PERun/while:if#3:accum_out_reg:acc                                                                  mgc_addc_32_0_16_1_32_2                                                                                                                                           0.6157  1.7543 
        SysPE:PERun/while:if#3:accum_out_reg:acc.itm                                                                                                                                                                                                                                0.0000  1.7543 
        SysPE:PERun:accum_out.Push():mioi/accum_out.Push():mioi.m_rsc_dat.PERun                                                                                                                                                                                                     0.0000  1.7543 
        SysPE:PERun:accum_out.Push():mioi/accum_out.Push():mioi                                                   Connections_OutBlocking_SysPE_AccumType_Connections_SYN_PORT_Push_17                                                                                              0.0000  1.8340 
                                                                                                                                                                                                                                                                                                   
      3                                                                                                           SysPE:PERun/reg(weight_reg)                                                                               SysPE:PERun:accum_out.Push():mioi/accum_out.Push():mioi 1.7821  0.2179 
                                                                                                                                                                                                                                                                                                   
        Instance                                                                                                  Component                                                                                                                                                         Delta   Delay  
        --------                                                                                                  ---------                                                                                                                                                         -----   -----  
        SysPE:PERun/reg(weight_reg)                                                                               mgc_reg_pos_8_1_0_0_0_1_1_4                                                                                                                                       0.0900  0.0900 
        SysPE:PERun/weight_reg.sva                                                                                                                                                                                                                                                  0.0000  0.0900 
        SysPE:PERun/while:if#3:accum_out_reg:mul                                                                  mgc_mul_8_1_8_1_16_4                                                                                                                                              0.9967  1.0867 
        SysPE:PERun/while:if#3:accum_out_reg:mul.itm                                                                                                                                                                                                                                0.0000  1.0867 
        SysPE:PERun/while:if#3:accum_out_reg:acc                                                                  mgc_addc_32_0_16_1_32_2                                                                                                                                           0.6157  1.7024 
        SysPE:PERun/while:if#3:accum_out_reg:acc.itm                                                                                                                                                                                                                                0.0000  1.7024 
        SysPE:PERun:accum_out.Push():mioi/accum_out.Push():mioi.m_rsc_dat.PERun                                                                                                                                                                                                     0.0000  1.7024 
        SysPE:PERun:accum_out.Push():mioi/accum_out.Push():mioi                                                   Connections_OutBlocking_SysPE_AccumType_Connections_SYN_PORT_Push_17                                                                                              0.0519  1.7821 
                                                                                                                                                                                                                                                                                                   
      4                                                                                                           SysPE:PERun:act_in.PopNB():mioi/act_in.PopNB():mioi                                                       SysPE:PERun:accum_out.Push():mioi/accum_out.Push():mioi 1.7440  0.2560 
                                                                                                                                                                                                                                                                                                   
        Instance                                                                                                  Component                                                                                                                                                         Delta   Delay  
        --------                                                                                                  ---------                                                                                                                                                         -----   -----  
        SysPE:PERun:act_in.PopNB():mioi/act_in.PopNB():mioi                                                       Connections_InBlocking_SysPE_InputType_Connections_SYN_PORT_PopNB_14                                                                                              0.0900  0.0900 
        SysPE:PERun:act_in.PopNB():mioi/act_in.PopNB():mioi.data_rsc_z                                                                                                                                                                                                              0.0000  0.0900 
        SysPE:PERun:act_in.PopNB():mioi:act_in.PopNB():mio:wait_dp/act_in.PopNB():mioi.data_rsc_z                                                                                                                                                                                   0.0000  0.0900 
        SysPE:PERun:act_in.PopNB():mioi:act_in.PopNB():mio:wait_dp/while:if#1:mux                                 mgc_mux_8_1_2_3                                                                                                                                                   0.0519  0.1419 
        SysPE:PERun:act_in.PopNB():mioi:act_in.PopNB():mio:wait_dp/act_in.PopNB():mioi.data_rsc_z.mxwt                                                                                                                                                                              0.0000  0.1419 
        SysPE:PERun:act_in.PopNB():mioi/act_in.PopNB():mioi.data_rsc_z.mxwt                                                                                                                                                                                                         0.0000  0.1419 
        SysPE:PERun/act_in.PopNB():mioi.data_rsc_z.mxwt                                                                                                                                                                                                                             0.0000  0.1419 
        SysPE:PERun/act_reg:mux#1                                                                                 mgc_mux_8_1_2_3                                                                                                                                                   -0.0900 0.0519 
        SysPE:PERun/act_out.Push():mioi.m_rsc_dat.PERun:mx1                                                                                                                                                                                                                         0.0000  0.0519 
        SysPE:PERun/act_reg:asn(act_out.Push():mioi.m_rsc_dat.PERun:mx1:tmp#1)                                                                                                                                                                                                      0.0000  0.0519 
        SysPE:PERun/act_reg:asn(act_out.Push():mioi.m_rsc_dat.PERun:mx1:tmp#1).itm                                                                                                                                                                                                  0.0000  0.0519 
        SysPE:PERun/while:if#3:accum_out_reg:mul                                                                  mgc_mul_8_1_8_1_16_4                                                                                                                                              0.9967  1.0486 
        SysPE:PERun/while:if#3:accum_out_reg:mul.itm                                                                                                                                                                                                                                0.0000  1.0486 
        SysPE:PERun/while:if#3:accum_out_reg:acc                                                                  mgc_addc_32_0_16_1_32_2                                                                                                                                           0.6157  1.6643 
        SysPE:PERun/while:if#3:accum_out_reg:acc.itm                                                                                                                                                                                                                                0.0000  1.6643 
        SysPE:PERun:accum_out.Push():mioi/accum_out.Push():mioi.m_rsc_dat.PERun                                                                                                                                                                                                     0.0000  1.6643 
        SysPE:PERun:accum_out.Push():mioi/accum_out.Push():mioi                                                   Connections_OutBlocking_SysPE_AccumType_Connections_SYN_PORT_Push_17                                                                                              0.0900  1.7440 
                                                                                                                                                                                                                                                                                                   
      5                                                                                                           SysPE:PERun:act_in.PopNB():mioi:act_in.PopNB():mio:wait_dp/reg(act_in.PopNB():mioi.data_rsc_z.bfwt)       SysPE:PERun:accum_out.Push():mioi/accum_out.Push():mioi 1.7440  0.2560 
                                                                                                                                                                                                                                                                                                   
        Instance                                                                                                  Component                                                                                                                                                         Delta   Delay  
        --------                                                                                                  ---------                                                                                                                                                         -----   -----  
        SysPE:PERun:act_in.PopNB():mioi:act_in.PopNB():mio:wait_dp/reg(act_in.PopNB():mioi.data_rsc_z.bfwt)       mgc_reg_pos_8_1_0_0_0_0_0_4                                                                                                                                       0.0900  0.0900 
        SysPE:PERun:act_in.PopNB():mioi:act_in.PopNB():mio:wait_dp/act_in.PopNB():mioi.data_rsc_z.bfwt                                                                                                                                                                              0.0000  0.0900 
        SysPE:PERun:act_in.PopNB():mioi:act_in.PopNB():mio:wait_dp/while:if#1:mux                                 mgc_mux_8_1_2_3                                                                                                                                                   0.0519  0.1419 
        SysPE:PERun:act_in.PopNB():mioi:act_in.PopNB():mio:wait_dp/act_in.PopNB():mioi.data_rsc_z.mxwt                                                                                                                                                                              0.0000  0.1419 
        SysPE:PERun:act_in.PopNB():mioi/act_in.PopNB():mioi.data_rsc_z.mxwt                                                                                                                                                                                                         0.0000  0.1419 
        SysPE:PERun/act_in.PopNB():mioi.data_rsc_z.mxwt                                                                                                                                                                                                                             0.0000  0.1419 
        SysPE:PERun/act_reg:mux#1                                                                                 mgc_mux_8_1_2_3                                                                                                                                                   -0.0900 0.0519 
        SysPE:PERun/act_out.Push():mioi.m_rsc_dat.PERun:mx1                                                                                                                                                                                                                         0.0000  0.0519 
        SysPE:PERun/act_reg:asn(act_out.Push():mioi.m_rsc_dat.PERun:mx1:tmp#1)                                                                                                                                                                                                      0.0000  0.0519 
        SysPE:PERun/act_reg:asn(act_out.Push():mioi.m_rsc_dat.PERun:mx1:tmp#1).itm                                                                                                                                                                                                  0.0000  0.0519 
        SysPE:PERun/while:if#3:accum_out_reg:mul                                                                  mgc_mul_8_1_8_1_16_4                                                                                                                                              0.9967  1.0486 
        SysPE:PERun/while:if#3:accum_out_reg:mul.itm                                                                                                                                                                                                                                0.0000  1.0486 
        SysPE:PERun/while:if#3:accum_out_reg:acc                                                                  mgc_addc_32_0_16_1_32_2                                                                                                                                           0.6157  1.6643 
        SysPE:PERun/while:if#3:accum_out_reg:acc.itm                                                                                                                                                                                                                                0.0000  1.6643 
        SysPE:PERun:accum_out.Push():mioi/accum_out.Push():mioi.m_rsc_dat.PERun                                                                                                                                                                                                     0.0000  1.6643 
        SysPE:PERun:accum_out.Push():mioi/accum_out.Push():mioi                                                   Connections_OutBlocking_SysPE_AccumType_Connections_SYN_PORT_Push_17                                                                                              0.0900  1.7440 
                                                                                                                                                                                                                                                                                                   
      6                                                                                                           SysPE:PERun:act_in.PopNB():mioi:act_in.PopNB():mio:wait_dp/reg(act_in.PopNB():mioi.bcwt)                  SysPE:PERun:accum_out.Push():mioi/accum_out.Push():mioi 1.7440  0.2560 
                                                                                                                                                                                                                                                                                                   
        Instance                                                                                                  Component                                                                                                                                                         Delta   Delay  
        --------                                                                                                  ---------                                                                                                                                                         -----   -----  
        SysPE:PERun:act_in.PopNB():mioi:act_in.PopNB():mio:wait_dp/reg(act_in.PopNB():mioi.bcwt)                  mgc_reg_pos_1_1_0_0_0_0_0_4                                                                                                                                       0.0900  0.0900 
        SysPE:PERun:act_in.PopNB():mioi:act_in.PopNB():mio:wait_dp/act_in.PopNB():mioi.bcwt                                                                                                                                                                                         0.0000  0.0900 
        SysPE:PERun:act_in.PopNB():mioi:act_in.PopNB():mio:wait_dp/while:if#1:mux                                 mgc_mux_8_1_2_3                                                                                                                                                   0.0519  0.1419 
        SysPE:PERun:act_in.PopNB():mioi:act_in.PopNB():mio:wait_dp/act_in.PopNB():mioi.data_rsc_z.mxwt                                                                                                                                                                              0.0000  0.1419 
        SysPE:PERun:act_in.PopNB():mioi/act_in.PopNB():mioi.data_rsc_z.mxwt                                                                                                                                                                                                         0.0000  0.1419 
        SysPE:PERun/act_in.PopNB():mioi.data_rsc_z.mxwt                                                                                                                                                                                                                             0.0000  0.1419 
        SysPE:PERun/act_reg:mux#1                                                                                 mgc_mux_8_1_2_3                                                                                                                                                   -0.0900 0.0519 
        SysPE:PERun/act_out.Push():mioi.m_rsc_dat.PERun:mx1                                                                                                                                                                                                                         0.0000  0.0519 
        SysPE:PERun/act_reg:asn(act_out.Push():mioi.m_rsc_dat.PERun:mx1:tmp#1)                                                                                                                                                                                                      0.0000  0.0519 
        SysPE:PERun/act_reg:asn(act_out.Push():mioi.m_rsc_dat.PERun:mx1:tmp#1).itm                                                                                                                                                                                                  0.0000  0.0519 
        SysPE:PERun/while:if#3:accum_out_reg:mul                                                                  mgc_mul_8_1_8_1_16_4                                                                                                                                              0.9967  1.0486 
        SysPE:PERun/while:if#3:accum_out_reg:mul.itm                                                                                                                                                                                                                                0.0000  1.0486 
        SysPE:PERun/while:if#3:accum_out_reg:acc                                                                  mgc_addc_32_0_16_1_32_2                                                                                                                                           0.6157  1.6643 
        SysPE:PERun/while:if#3:accum_out_reg:acc.itm                                                                                                                                                                                                                                0.0000  1.6643 
        SysPE:PERun:accum_out.Push():mioi/accum_out.Push():mioi.m_rsc_dat.PERun                                                                                                                                                                                                     0.0000  1.6643 
        SysPE:PERun:accum_out.Push():mioi/accum_out.Push():mioi                                                   Connections_OutBlocking_SysPE_AccumType_Connections_SYN_PORT_Push_17                                                                                              0.0900  1.7440 
                                                                                                                                                                                                                                                                                                   
      7                                                                                                           SysPE:PERun:accum_in.PopNB():mioi/accum_in.PopNB():mioi                                                   SysPE:PERun:accum_out.Push():mioi/accum_out.Push():mioi 1.0732  0.9268 
                                                                                                                                                                                                                                                                                                   
        Instance                                                                                                  Component                                                                                                                                                         Delta   Delay  
        --------                                                                                                  ---------                                                                                                                                                         -----   -----  
        SysPE:PERun:accum_in.PopNB():mioi/accum_in.PopNB():mioi                                                   Connections_InBlocking_SysPE_AccumType_Connections_SYN_PORT_PopNB_15                                                                                              0.0900  0.0900 
        SysPE:PERun:accum_in.PopNB():mioi/accum_in.PopNB():mioi.data_rsc_z                                                                                                                                                                                                          0.0000  0.0900 
        SysPE:PERun:accum_in.PopNB():mioi:accum_in.PopNB():mio:wait_dp/accum_in.PopNB():mioi.data_rsc_z                                                                                                                                                                             0.0000  0.0900 
        SysPE:PERun:accum_in.PopNB():mioi:accum_in.PopNB():mio:wait_dp/while:if#2:mux                             mgc_mux_32_1_2_3                                                                                                                                                  0.1439  0.2339 
        SysPE:PERun:accum_in.PopNB():mioi:accum_in.PopNB():mio:wait_dp/accum_in.PopNB():mioi.data_rsc_z.mxwt                                                                                                                                                                        0.0000  0.2339 
        SysPE:PERun:accum_in.PopNB():mioi/accum_in.PopNB():mioi.data_rsc_z.mxwt                                                                                                                                                                                                     0.0000  0.2339 
        SysPE:PERun/accum_in.PopNB():mioi.data_rsc_z.mxwt                                                                                                                                                                                                                           0.0000  0.2339 
        SysPE:PERun/while:if#2:mux                                                                                mgc_mux_32_1_2_3                                                                                                                                                  0.1439  0.3778 
        SysPE:PERun/accum_reg.sva:mx0                                                                                                                                                                                                                                               0.0000  0.3778 
        SysPE:PERun/while:if#3:accum_out_reg:acc                                                                  mgc_addc_32_0_16_1_32_2                                                                                                                                           0.6157  0.9935 
        SysPE:PERun/while:if#3:accum_out_reg:acc.itm                                                                                                                                                                                                                                0.0000  0.9935 
        SysPE:PERun:accum_out.Push():mioi/accum_out.Push():mioi.m_rsc_dat.PERun                                                                                                                                                                                                     0.0000  0.9935 
        SysPE:PERun:accum_out.Push():mioi/accum_out.Push():mioi                                                   Connections_OutBlocking_SysPE_AccumType_Connections_SYN_PORT_Push_17                                                                                              0.7608  1.0732 
                                                                                                                                                                                                                                                                                                   
      8                                                                                                           SysPE:PERun:accum_in.PopNB():mioi:accum_in.PopNB():mio:wait_dp/reg(accum_in.PopNB():mioi.data_rsc_z.bfwt) SysPE:PERun:accum_out.Push():mioi/accum_out.Push():mioi 1.0732  0.9268 
                                                                                                                                                                                                                                                                                                   
        Instance                                                                                                  Component                                                                                                                                                         Delta   Delay  
        --------                                                                                                  ---------                                                                                                                                                         -----   -----  
        SysPE:PERun:accum_in.PopNB():mioi:accum_in.PopNB():mio:wait_dp/reg(accum_in.PopNB():mioi.data_rsc_z.bfwt) mgc_reg_pos_32_1_0_0_0_0_0_4                                                                                                                                      0.0900  0.0900 
        SysPE:PERun:accum_in.PopNB():mioi:accum_in.PopNB():mio:wait_dp/accum_in.PopNB():mioi.data_rsc_z.bfwt                                                                                                                                                                        0.0000  0.0900 
        SysPE:PERun:accum_in.PopNB():mioi:accum_in.PopNB():mio:wait_dp/while:if#2:mux                             mgc_mux_32_1_2_3                                                                                                                                                  0.1439  0.2339 
        SysPE:PERun:accum_in.PopNB():mioi:accum_in.PopNB():mio:wait_dp/accum_in.PopNB():mioi.data_rsc_z.mxwt                                                                                                                                                                        0.0000  0.2339 
        SysPE:PERun:accum_in.PopNB():mioi/accum_in.PopNB():mioi.data_rsc_z.mxwt                                                                                                                                                                                                     0.0000  0.2339 
        SysPE:PERun/accum_in.PopNB():mioi.data_rsc_z.mxwt                                                                                                                                                                                                                           0.0000  0.2339 
        SysPE:PERun/while:if#2:mux                                                                                mgc_mux_32_1_2_3                                                                                                                                                  0.1439  0.3778 
        SysPE:PERun/accum_reg.sva:mx0                                                                                                                                                                                                                                               0.0000  0.3778 
        SysPE:PERun/while:if#3:accum_out_reg:acc                                                                  mgc_addc_32_0_16_1_32_2                                                                                                                                           0.6157  0.9935 
        SysPE:PERun/while:if#3:accum_out_reg:acc.itm                                                                                                                                                                                                                                0.0000  0.9935 
        SysPE:PERun:accum_out.Push():mioi/accum_out.Push():mioi.m_rsc_dat.PERun                                                                                                                                                                                                     0.0000  0.9935 
        SysPE:PERun:accum_out.Push():mioi/accum_out.Push():mioi                                                   Connections_OutBlocking_SysPE_AccumType_Connections_SYN_PORT_Push_17                                                                                              0.7608  1.0732 
                                                                                                                                                                                                                                                                                                   
      9                                                                                                           SysPE:PERun:accum_in.PopNB():mioi:accum_in.PopNB():mio:wait_dp/reg(accum_in.PopNB():mioi.bcwt)            SysPE:PERun:accum_out.Push():mioi/accum_out.Push():mioi 1.0732  0.9268 
                                                                                                                                                                                                                                                                                                   
        Instance                                                                                                  Component                                                                                                                                                         Delta   Delay  
        --------                                                                                                  ---------                                                                                                                                                         -----   -----  
        SysPE:PERun:accum_in.PopNB():mioi:accum_in.PopNB():mio:wait_dp/reg(accum_in.PopNB():mioi.bcwt)            mgc_reg_pos_1_1_0_0_0_0_0_4                                                                                                                                       0.0900  0.0900 
        SysPE:PERun:accum_in.PopNB():mioi:accum_in.PopNB():mio:wait_dp/accum_in.PopNB():mioi.bcwt                                                                                                                                                                                   0.0000  0.0900 
        SysPE:PERun:accum_in.PopNB():mioi:accum_in.PopNB():mio:wait_dp/while:if#2:mux                             mgc_mux_32_1_2_3                                                                                                                                                  0.1439  0.2339 
        SysPE:PERun:accum_in.PopNB():mioi:accum_in.PopNB():mio:wait_dp/accum_in.PopNB():mioi.data_rsc_z.mxwt                                                                                                                                                                        0.0000  0.2339 
        SysPE:PERun:accum_in.PopNB():mioi/accum_in.PopNB():mioi.data_rsc_z.mxwt                                                                                                                                                                                                     0.0000  0.2339 
        SysPE:PERun/accum_in.PopNB():mioi.data_rsc_z.mxwt                                                                                                                                                                                                                           0.0000  0.2339 
        SysPE:PERun/while:if#2:mux                                                                                mgc_mux_32_1_2_3                                                                                                                                                  0.1439  0.3778 
        SysPE:PERun/accum_reg.sva:mx0                                                                                                                                                                                                                                               0.0000  0.3778 
        SysPE:PERun/while:if#3:accum_out_reg:acc                                                                  mgc_addc_32_0_16_1_32_2                                                                                                                                           0.6157  0.9935 
        SysPE:PERun/while:if#3:accum_out_reg:acc.itm                                                                                                                                                                                                                                0.0000  0.9935 
        SysPE:PERun:accum_out.Push():mioi/accum_out.Push():mioi.m_rsc_dat.PERun                                                                                                                                                                                                     0.0000  0.9935 
        SysPE:PERun:accum_out.Push():mioi/accum_out.Push():mioi                                                   Connections_OutBlocking_SysPE_AccumType_Connections_SYN_PORT_Push_17                                                                                              0.7608  1.0732 
                                                                                                                                                                                                                                                                                                   
      10                                                                                                          SysPE:PERun/reg(accum_reg)                                                                                SysPE:PERun:accum_out.Push():mioi/accum_out.Push():mioi 0.9293  1.0707 
                                                                                                                                                                                                                                                                                                   
        Instance                                                                                                  Component                                                                                                                                                         Delta   Delay  
        --------                                                                                                  ---------                                                                                                                                                         -----   -----  
        SysPE:PERun/reg(accum_reg)                                                                                mgc_reg_pos_32_1_0_0_0_1_1_4                                                                                                                                      0.0900  0.0900 
        SysPE:PERun/accum_reg.sva                                                                                                                                                                                                                                                   0.0000  0.0900 
        SysPE:PERun/while:if#2:mux                                                                                mgc_mux_32_1_2_3                                                                                                                                                  0.1439  0.2339 
        SysPE:PERun/accum_reg.sva:mx0                                                                                                                                                                                                                                               0.0000  0.2339 
        SysPE:PERun/while:if#3:accum_out_reg:acc                                                                  mgc_addc_32_0_16_1_32_2                                                                                                                                           0.6157  0.8496 
        SysPE:PERun/while:if#3:accum_out_reg:acc.itm                                                                                                                                                                                                                                0.0000  0.8496 
        SysPE:PERun:accum_out.Push():mioi/accum_out.Push():mioi.m_rsc_dat.PERun                                                                                                                                                                                                     0.0000  0.8496 
        SysPE:PERun:accum_out.Push():mioi/accum_out.Push():mioi                                                   Connections_OutBlocking_SysPE_AccumType_Connections_SYN_PORT_Push_17                                                                                              0.9047  0.9293 
                                                                                                                                                                                                                                                                                                   
      
    Register Input and Register-to-Output Slack
      Clock period or pin-to-reg delay constraint (clk): 2.0
      Clock uncertainty constraint (clk)               : 0.0
      
      Instance                                                                                                       Port                                                                Slack (Delay) Messages 
      -------------------------------------------------------------------------------------------------------------- ------------------------------------------------------------------ ------ ------- --------
      SysPE:PERun/reg(accum_out.Push():mioi.ccs_ccore_start_rsc_dat.PERun.psct)                                      and#1.cse                                                          1.7056  0.2944          
      SysPE:PERun/reg(accum_in.PopNB():mioi.ccs_ccore_start_rsc_dat.PERun.psct)                                      and#4.rmff                                                         1.6979  0.3021          
      SysPE:PERun/reg(act_in.PopNB():mioi.ccs_ccore_start_rsc_dat.PERun.psct)                                        and#5.rmff                                                         1.7329  0.2671          
      SysPE:PERun/reg(weight_in.PopNB():mioi.ccs_ccore_start_rsc_dat.PERun.psct)                                     slc(fsm_output)(1)#6.itm                                           2.0000  0.0000          
      SysPE:PERun/reg(is_accum_in)                                                                                   while:while:and#1.itm                                              1.7971  0.2029          
      SysPE:PERun/reg(is_act_in)                                                                                     while:while:and.itm                                                1.7971  0.2029          
      SysPE:PERun/reg(accum_reg)                                                                                     accum_reg.sva:mx0                                                  0.9268  1.0732          
      SysPE:PERun/reg(act_reg)                                                                                       act_out.Push():mioi.m_rsc_dat.PERun:mx1                            0.1660  1.8340          
      SysPE:PERun/reg(while.stage_0.3)                                                                               reg(weight_in.PopNB():mioi.ccs_ccore_start_rsc_dat.PERun.psct).cse 1.8376  0.1624          
      SysPE:PERun/reg(weight_reg)                                                                                    weight_in.PopNB():mioi.data_rsc_z.mxwt                             1.8340  0.1660          
      SysPE:PERun:weight_in.PopNB():mioi:weight_in.PopNB():mio:wait_dp/reg(weight_in.PopNB():mioi.bcwt)              while:if:nor.itm                                                   1.7221  0.2779          
      SysPE:PERun:weight_in.PopNB():mioi:weight_in.PopNB():mio:wait_dp/reg(weight_in.PopNB():mioi.data_rsc_z.bfwt)   weight_in.PopNB():mioi.data_rsc_z.mxwt                             1.8581  0.1419          
      SysPE:PERun:weight_in.PopNB():mioi:weight_in.PopNB():mio:wait_dp/reg(weight_in.PopNB():mioi.return_rsc_z.bfwt) weight_in.PopNB():mioi.return_rsc_z.mxwt                           1.8782  0.1218          
      SysPE:PERun:act_in.PopNB():mioi:act_in.PopNB():mio:wait_dp/reg(act_in.PopNB():mioi.bcwt)                       while:if#1:nor.itm                                                 1.7221  0.2779          
      SysPE:PERun:act_in.PopNB():mioi:act_in.PopNB():mio:wait_dp/reg(act_in.PopNB():mioi.data_rsc_z.bfwt)            act_in.PopNB():mioi.data_rsc_z.mxwt                                1.8581  0.1419          
      SysPE:PERun:act_in.PopNB():mioi:act_in.PopNB():mio:wait_dp/reg(act_in.PopNB():mioi.return_rsc_z.bfwt)          act_in.PopNB():mioi.return_rsc_z.mxwt                              1.8782  0.1218          
      SysPE:PERun:accum_in.PopNB():mioi:accum_in.PopNB():mio:wait_dp/reg(accum_in.PopNB():mioi.bcwt)                 while:if#2:nor.itm                                                 1.7221  0.2779          
      SysPE:PERun:accum_in.PopNB():mioi:accum_in.PopNB():mio:wait_dp/reg(accum_in.PopNB():mioi.data_rsc_z.bfwt)      accum_in.PopNB():mioi.data_rsc_z.mxwt                              1.7661  0.2339          
      SysPE:PERun:accum_in.PopNB():mioi:accum_in.PopNB():mio:wait_dp/reg(accum_in.PopNB():mioi.return_rsc_z.bfwt)    accum_in.PopNB():mioi.return_rsc_z.mxwt                            1.8782  0.1218          
      SysPE:PERun:act_out.Push():mioi:act_out.Push():mio:wait_dp/reg(act_out.Push():mioi.bcwt)                       while:if#3:nor.itm                                                 1.7221  0.2779          
      SysPE:PERun:accum_out.Push():mioi:accum_out.Push():mio:wait_dp/reg(accum_out.Push():mioi.bcwt)                 while:if#3:nor#4.itm                                               1.7221  0.2779          
      SysPE:PERun:staller/reg(PERun.wten)                                                                            not.itm                                                            1.7580  0.2420          
      SysPE                                                                                                          weight_in.rdy                                                      1.9100  0.0900          
      SysPE                                                                                                          act_in.rdy                                                         1.9100  0.0900          
      SysPE                                                                                                          accum_in.rdy                                                       1.9100  0.0900          
      SysPE                                                                                                          act_out.val                                                        1.8859  0.1141          
      SysPE                                                                                                          act_out.msg                                                        1.8859  0.1141          
      SysPE                                                                                                          accum_out.val                                                      1.8859  0.1141          
      SysPE                                                                                                          accum_out.msg                                                      1.8859  0.1141          
      SysPE                                                                                                          weight_out.val                                                     1.9100  0.0900          
      SysPE                                                                                                          weight_out.msg                                                     1.9100  0.0900          
      
  Operator Bitwidth Summary
    Operation                                                                                         Size (bits) Count 
    ------------------------------------------------------------------------------------------------- ----------- -----
    Connections__InBlocking_SysPE__AccumType_Connections__SYN_--_fcc000cdee2bdbaf1af8321dad3e708762fd                   
    -                                                                                                           0     1 
    Connections__InBlocking_SysPE__InputType_Connections__SYN_--_3d75a24542f9bd72f21738470c667f036340                   
    -                                                                                                           0     2 
    Connections__OutBlocking_SysPE__AccumType_Connections__SYN--_2c1d8b870a5e6780c1a757ef891031fc5be9                   
    -                                                                                                           0     1 
    Connections__OutBlocking_SysPE__InputType_Connections__SYN--_027f1954845d044556c8243937c776375bcb                   
    -                                                                                                           0     1 
    Connections__OutBlocking_SysPE__InputType_Connections__SYN--_7961c91e828f28e6b31ea17763393cd662ff                   
    -                                                                                                           0     1 
    add                                                                                                                 
    -                                                                                                          32     1 
    and                                                                                                                 
    -                                                                                                           1    28 
    mul                                                                                                                 
    -                                                                                                          16     1 
    mux                                                                                                                 
    -                                                                                                           8     4 
    -                                                                                                          32     2 
    -                                                                                                           1     7 
    nor                                                                                                                 
    -                                                                                                           1    12 
    not                                                                                                                 
    -                                                                                                           1    18 
    or                                                                                                                  
    -                                                                                                           1     7 
    reg                                                                                                                 
    -                                                                                                           8     4 
    -                                                                                                          32     2 
    -                                                                                                           1    16 
    
  End of Report
